<?xml version="1.0" encoding="UTF-8"?>
<testsuite xmlns:xsi="http://www.w3.org/2001/XMLSchema-instance" xsi:noNamespaceSchemaLocation="https://maven.apache.org/surefire/maven-surefire-plugin/xsd/surefire-test-report.xsd" name="com.t4.orderbook.dao.OrderDaoDBTest" time="0.25" tests="10" errors="0" skipped="0" failures="0">
  <properties>
[...]
</properties>
  <testcase name="testGetOrdersByTypeAndUser" classname="com.t4.orderbook.dao.OrderDaoDBTest" time="0.048"/>
  <testcase name="testDeleteOrder" classname="com.t4.orderbook.dao.OrderDaoDBTest" time="0.015"/>
  <testcase name="testGetOrdersByDateAndUser" classname="com.t4.orderbook.dao.OrderDaoDBTest" time="0.032"/>
  <testcase name="testUpdateOrder" classname="com.t4.orderbook.dao.OrderDaoDBTest" time="0.02"/>
  <testcase name="testGetAllOrder" classname="com.t4.orderbook.dao.OrderDaoDBTest" time="0.02"/>
  <testcase name="testGetOrderByUser" classname="com.t4.orderbook.dao.OrderDaoDBTest" time="0.026"/>
  <testcase name="testAddGetOrder" classname="com.t4.orderbook.dao.OrderDaoDBTest" time="0.015"/>
  <testcase name="testGetOrdersByCompletion" classname="com.t4.orderbook.dao.OrderDaoDBTest" time="0.022"/>
  <testcase name="testGetOrdersByDate" classname="com.t4.orderbook.dao.OrderDaoDBTest" time="0.02"/>
  <testcase name="testGetOrdersByType" classname="com.t4.orderbook.dao.OrderDaoDBTest" time="0.02"/>
</testsuite>